<?xml version="1.0" encoding="UTF-8"?>
<!-- Generated by org.testng.reporters.JUnitXMLReporter -->
<testsuite ignored="0" hostname="vinodhpc" failures="0" tests="6" name="Default test" time="0.066" errors="0" timestamp="2025-05-16T08:24:06 IST">
  <testcase classname="com.tests.AddTests" name="testAdd" time="0.011"/>
  <testcase classname="com.tests.AddTests" name="testAddFloatAndInt" time="0.001"/>
  <testcase classname="com.tests.AddTests" name="testAddIntAndFloat" time="0.001"/>
  <testcase classname="com.tests.AddTests" name="testAddThreeFloats" time="0.001"/>
  <testcase classname="com.tests.AddTests" name="testAddThreeNumbers" time="0.001"/>
  <testcase classname="com.tests.AddTests" name="testAddTwoFloats" time="0.001"/>
</testsuite> <!-- Default test -->
