<?xml version="1.0" encoding="UTF-8"?>
<!-- Generated by org.testng.reporters.JUnitXMLReporter -->
<testsuite ignored="0" hostname="vinodhpc" failures="0" tests="7" name="Default test" time="0.074" errors="0" timestamp="2025-05-15T08:09:44 IST">
  <testcase classname="com.tests.ArrayTests" name="testMax" time="0.008"/>
  <testcase classname="com.tests.ArrayTests" name="testNegativeMax" time="0.001"/>
  <testcase classname="com.tests.ArrayTests" name="testSum" time="0.001"/>
  <testcase classname="com.tests.ArrayTests" name="testSumUnintialized" time="0.002"/>
  <testcase classname="com.tests.SimpleMathTest" name="testAdd" time="0.002"/>
  <testcase classname="com.tests.SimpleMathTest" name="testLength" time="0.002"/>
  <testcase classname="com.tests.SimpleMathTest" name="testMul" time="0.001"/>
</testsuite> <!-- Default test -->
