<?xml version="1.0" encoding="UTF-8"?>
<testng-results ignored="0" total="6" passed="6" failed="0" skipped="0">
  <reporter-output>
  </reporter-output>
  <suite started-at="2025-05-16T08:24:06 IST" name="Default suite" finished-at="2025-05-16T08:24:06 IST" duration-ms="66">
    <groups>
    </groups>
    <test started-at="2025-05-16T08:24:06 IST" name="Default test" finished-at="2025-05-16T08:24:06 IST" duration-ms="66">
      <class name="com.tests.AddTests">
        <test-method signature="testAdd()[pri:0, instance:com.tests.AddTests@52bf72b5]" started-at="2025-05-16T08:24:06 IST" name="testAdd" finished-at="2025-05-16T08:24:06 IST" duration-ms="11" status="PASS">
          <reporter-output>
          </reporter-output>
        </test-method> <!-- testAdd -->
        <test-method signature="testAddFloatAndInt()[pri:0, instance:com.tests.AddTests@52bf72b5]" started-at="2025-05-16T08:24:06 IST" name="testAddFloatAndInt" finished-at="2025-05-16T08:24:06 IST" duration-ms="1" status="PASS">
          <reporter-output>
          </reporter-output>
        </test-method> <!-- testAddFloatAndInt -->
        <test-method signature="testAddIntAndFloat()[pri:0, instance:com.tests.AddTests@52bf72b5]" started-at="2025-05-16T08:24:06 IST" name="testAddIntAndFloat" finished-at="2025-05-16T08:24:06 IST" duration-ms="1" status="PASS">
          <reporter-output>
          </reporter-output>
        </test-method> <!-- testAddIntAndFloat -->
        <test-method signature="testAddThreeFloats()[pri:0, instance:com.tests.AddTests@52bf72b5]" started-at="2025-05-16T08:24:06 IST" name="testAddThreeFloats" finished-at="2025-05-16T08:24:06 IST" duration-ms="1" status="PASS">
          <reporter-output>
          </reporter-output>
        </test-method> <!-- testAddThreeFloats -->
        <test-method signature="testAddThreeNumbers()[pri:0, instance:com.tests.AddTests@52bf72b5]" started-at="2025-05-16T08:24:06 IST" name="testAddThreeNumbers" finished-at="2025-05-16T08:24:06 IST" duration-ms="1" status="PASS">
          <reporter-output>
          </reporter-output>
        </test-method> <!-- testAddThreeNumbers -->
        <test-method signature="testAddTwoFloats()[pri:0, instance:com.tests.AddTests@52bf72b5]" started-at="2025-05-16T08:24:06 IST" name="testAddTwoFloats" finished-at="2025-05-16T08:24:06 IST" duration-ms="1" status="PASS">
          <reporter-output>
          </reporter-output>
        </test-method> <!-- testAddTwoFloats -->
      </class> <!-- com.tests.AddTests -->
    </test> <!-- Default test -->
  </suite> <!-- Default suite -->
</testng-results>
