<?xml version="1.0" encoding="UTF-8"?>
<testng-results ignored="0" total="2" passed="2" failed="0" skipped="0">
  <reporter-output>
  </reporter-output>
  <suite started-at="2025-05-23T08:32:05 IST" name="Default suite" finished-at="2025-05-23T08:32:05 IST" duration-ms="66">
    <groups>
    </groups>
    <test started-at="2025-05-23T08:32:05 IST" name="Default test" finished-at="2025-05-23T08:32:05 IST" duration-ms="66">
      <class name="com.tests.MessageTests">
        <test-method signature="objectHandlerMessage()[pri:0, instance:com.tests.MessageTests@36902638]" started-at="2025-05-23T08:32:05 IST" name="objectHandlerMessage" finished-at="2025-05-23T08:32:05 IST" duration-ms="11" status="PASS">
          <reporter-output>
          </reporter-output>
        </test-method> <!-- objectHandlerMessage -->
        <test-method signature="testTextMessage()[pri:0, instance:com.tests.MessageTests@36902638]" started-at="2025-05-23T08:32:05 IST" name="testTextMessage" finished-at="2025-05-23T08:32:05 IST" duration-ms="3" status="PASS">
          <reporter-output>
          </reporter-output>
        </test-method> <!-- testTextMessage -->
      </class> <!-- com.tests.MessageTests -->
    </test> <!-- Default test -->
  </suite> <!-- Default suite -->
</testng-results>
